#
# A fatal error has been detected by the Java Runtime Environment:
#
#  SIGSEGV (0xb) at pc=0x00007fff90866105, pid=6391, tid=3335
#
# JRE version: Java(TM) SE Runtime Environment (8.0_05-b13) (build 1.8.0_05-b13)
# Java VM: Java HotSpot(TM) 64-Bit Server VM (25.5-b02 mixed mode bsd-amd64 compressed oops)
# Problematic frame:
# C  [libobjc.A.dylib+0x7105]  class_getSuperclass+0x5
#
# Failed to write core dump. Core dumps have been disabled. To enable core dumping, try "ulimit -c unlimited" before starting Java again
#
# If you would like to submit a bug report, please visit:
#   http://bugreport.sun.com/bugreport/crash.jsp
# The crash happened outside the Java Virtual Machine in native code.
# See problematic frame for where to report the bug.
#

---------------  T H R E A D  ---------------

Current thread (0x00007fa1430af800):  JavaThread "JavaFX Application Thread" [_thread_in_native, id=3335, stack(0x00007fff51d45000,0x00007fff52545000)]

siginfo:si_signo=SIGSEGV: si_errno=0, si_code=0 (SEGV0), si_addr=0x0000000000000000

Registers:
RAX=0xe000000000000000, RBX=0x00007fff7da8d678, RCX=0x00000000004c1dc0, RDX=0x00007fff7d3da748
RSP=0x00007fff52540ab8, RBP=0x00007fff52540b00, RSI=0x0000000000000000, RDI=0xe000000000000000
R8 =0x0000000000000000, R9 =0x1c61a754398d95e8, R10=0x0000000000000006, R11=0x7872837690fb6257
R12=0x00007fa143caf6a0, R13=0x0000000000000018, R14=0x0000000000000001, R15=0x00007fff90864080
RIP=0x00007fff90866105, EFLAGS=0x0000000000010286, ERR=0x0000000000000000
  TRAPNO=0x000000000000000d

Top of Stack: (sp=0x00007fff52540ab8)
0x00007fff52540ab8:   00007fff932e97b8 0000000000000000
0x00007fff52540ac8:   00007fa143d34920 00007fa1416bcce0
0x00007fff52540ad8:   00007fa1416012e0 0000000000000000
0x00007fff52540ae8:   00007fa143caa240 0000000000000001
0x00007fff52540af8:   00007fff7e9775a0 00007fff52540b60
0x00007fff52540b08:   00007fff953ed13e 0000000000000000
0x00007fff52540b18:   00007fff52540c88 00007fa1416012e0
0x00007fff52540b28:   00007fa1415484c0 00007fa142005058
0x00007fff52540b38:   0000000000000000 0000000000000000
0x00007fff52540b48:   00007fff52540c88 00007fa1415484d0
0x00007fff52540b58:   00007fa1415484e8 00007fff52540b70
0x00007fff52540b68:   00007fff9332f5b1 00007fff52540bd0
0x00007fff52540b78:   00007fff93320d29 00007fa141400570
0x00007fff52540b88:   00007fa1414006c0 0000000000000002
0x00007fff52540b98:   0000000100000000 00007fa143d504b0
0x00007fff52540ba8:   000035e42e69173b 0000000000000001
0x00007fff52540bb8:   00007fff52540c60 00007fa1414006b0
0x00007fff52540bc8:   00007fa141400560 00007fff52541990
0x00007fff52540bd8:   00007fff933203ef 000000011b6b58d5
0x00007fff52540be8:   00007fff525410f2 0000000000000000
0x00007fff52540bf8:   0000000152540c00 00007fff7dabcf00
0x00007fff52540c08:   0000000152540d50 0000130352540e30
0x00007fff52540c18:   00007fa143d34900 00007fa1414006c0
0x00007fff52540c28:   00007fa141400570 00007fff00001603
0x00007fff52540c38:   00007fa141400560 0000000000001203
0x00007fff52540c48:   00007fff7d249be0 0000000000000027
0x00007fff52540c58:   0000000000000000 00007fa143cb35f8
0x00007fff52540c68:   0000000000000000 0000000143cb3600
0x00007fff52540c78:   00007fff00000000 00007fff52541119
0x00007fff52540c88:   000000018f8dd9dc 0000000000000001
0x00007fff52540c98:   00007fa143cb3610 0000000000000000
0x00007fff52540ca8:   00007fff525410f2 0000000000000000 

Instructions: (pc=0x00007fff90866105)
0x00007fff908660e5:   65 01 00 48 8b 7d b8 e8 93 70 01 00 48 83 c4 28
0x00007fff908660f5:   5b 41 5c 41 5d 41 5e 41 5f 5d c3 48 85 ff 74 05
0x00007fff90866105:   48 8b 47 08 c3 31 c0 c3 90 90 90 90 90 90 90 90
0x00007fff90866115:   90 90 90 90 90 55 48 89 e5 53 50 48 89 d0 48 89 

Register to memory mapping:

RAX=0xe000000000000000 is an unknown value
RBX=0x00007fff7da8d678: OBJC_CLASS_$_NSBlock+0 in /System/Library/Frameworks/CoreFoundation.framework/Versions/A/CoreFoundation at 0x00007fff932b0000
RCX=0x00000000004c1dc0 is an unknown value
RDX=0x00007fff7d3da748: runtimeLock+0x10 in /usr/lib/libobjc.A.dylib at 0x00007fff9085f000
RSP=0x00007fff52540ab8 is pointing into the stack for thread: 0x00007fa1430af800
RBP=0x00007fff52540b00 is pointing into the stack for thread: 0x00007fa1430af800
RSI=0x0000000000000000 is an unknown value
RDI=0xe000000000000000 is an unknown value
R8 =0x0000000000000000 is an unknown value
R9 =0x1c61a754398d95e8 is an unknown value
R10=0x0000000000000006 is an unknown value
R11=0x7872837690fb6257 is an unknown value
R12=0x00007fa143caf6a0 is an unknown value
R13=0x0000000000000018 is an unknown value
R14=0x0000000000000001 is an unknown value
R15=0x00007fff90864080: objc_msgSend+0 in /usr/lib/libobjc.A.dylib at 0x00007fff9085f000


Stack: [0x00007fff51d45000,0x00007fff52545000],  sp=0x00007fff52540ab8,  free space=8174k
Native frames: (J=compiled Java code, j=interpreted, Vv=VM code, C=native code)
C  [libobjc.A.dylib+0x7105]  class_getSuperclass+0x5
C  [Foundation+0x6313e]  __NSThreadPerformPerform+0xe5
C  [CoreFoundation+0x7f5b1]  __CFRUNLOOP_IS_CALLING_OUT_TO_A_SOURCE0_PERFORM_FUNCTION__+0x11
C  [CoreFoundation+0x70d29]  __CFRunLoopDoSources0+0x1b9
C  [CoreFoundation+0x703ef]  __CFRunLoopRun+0x33f
C  [CoreFoundation+0x6fe75]  CFRunLoopRunSpecific+0x135
C  [HIToolbox+0x2ea0d]  RunCurrentEventLoopInMode+0xe2
C  [HIToolbox+0x2e685]  ReceiveNextEventCommon+0xad
C  [HIToolbox+0x2e5bc]  _BlockUntilNextEventMatchingListInModeWithFilter+0x41
C  [AppKit+0x2424e]  _DPSNextEvent+0x59a
C  [AppKit+0x2389b]  -[NSApplication nextEventMatchingMask:untilDate:inMode:dequeue:]+0x7a
C  [AppKit+0x1799c]  -[NSApplication run]+0x229
C  [libglass.dylib+0xbfb5]  -[GlassApplication runLoop:]+0x6a5
C  [Foundation+0x6313e]  __NSThreadPerformPerform+0xe5
C  [CoreFoundation+0x7f5b1]  __CFRUNLOOP_IS_CALLING_OUT_TO_A_SOURCE0_PERFORM_FUNCTION__+0x11
C  [CoreFoundation+0x70c62]  __CFRunLoopDoSources0+0xf2
C  [CoreFoundation+0x703ef]  __CFRunLoopRun+0x33f
C  [CoreFoundation+0x6fe75]  CFRunLoopRunSpecific+0x135
C  [java+0x56cb]  CreateExecutionEnvironment+0x367
C  [java+0x166c]  JLI_Launch+0x7a0
C  [java+0x7689]  main+0x65
C  [java+0xec4]  start+0x34


---------------  P R O C E S S  ---------------

Java Threads: ( => current thread )
  0x00007fa142cf5000 JavaThread "JFXMedia Player EventQueueThread" daemon [_thread_in_native, id=13075, stack(0x0000000132b60000,0x0000000132c60000)]
  0x00007fa145af8800 JavaThread "Timer-4" daemon [_thread_blocked, id=132099, stack(0x000000013a4bc000,0x000000013a5bc000)]
  0x00007fa145b14800 JavaThread "Timer-3" daemon [_thread_blocked, id=131587, stack(0x000000013a3b9000,0x000000013a4b9000)]
  0x00007fa141ec4800 JavaThread "Timer-2" daemon [_thread_blocked, id=131079, stack(0x000000013a2b6000,0x000000013a3b6000)]
  0x00007fa1422c7800 JavaThread "Timer-1" daemon [_thread_blocked, id=130823, stack(0x000000013a1b3000,0x000000013a2b3000)]
  0x00007fa1422fb800 JavaThread "Prism Font Disposer" daemon [_thread_blocked, id=127019, stack(0x0000000137fdb000,0x00000001380db000)]
  0x00007fa14224f000 JavaThread "JFXMedia Player EventQueueThread" daemon [_thread_blocked, id=120067, stack(0x0000000132c8f000,0x0000000132d8f000)]
  0x00007fa141e28800 JavaThread "JFXMedia Player EventQueueThread" daemon [_thread_blocked, id=115715, stack(0x0000000130080000,0x0000000130180000)]
  0x00007fa1421ef000 JavaThread "JFXMedia Player EventQueueThread" daemon [_thread_blocked, id=111363, stack(0x000000012d4ce000,0x000000012d5ce000)]
  0x00007fa143217000 JavaThread "Media Resource Disposer" daemon [_thread_blocked, id=110595, stack(0x000000012d3cb000,0x000000012d4cb000)]
  0x00007fa143146800 JavaThread "JFXMedia Player EventQueueThread" daemon [_thread_blocked, id=51971, stack(0x0000000129fff000,0x000000012a0ff000)]
  0x00007fa141886000 JavaThread "Java2D Disposer" daemon [_thread_blocked, id=50695, stack(0x0000000129863000,0x0000000129963000)]
  0x00007fa14219a800 JavaThread "Java2D Queue Flusher" daemon [_thread_blocked, id=50951, stack(0x0000000128f30000,0x0000000129030000)]
  0x00007fa1430c3000 JavaThread "Timer-0" daemon [_thread_blocked, id=49415, stack(0x0000000128b9a000,0x0000000128c9a000)]
  0x00007fa141888800 JavaThread "JavaFX-Launcher" [_thread_blocked, id=47107, stack(0x000000012796b000,0x0000000127a6b000)]
  0x00007fa142125800 JavaThread "Thread-3" daemon [_thread_in_native, id=34307, stack(0x0000000126792000,0x0000000126812000)]
=>0x00007fa1430af800 JavaThread "JavaFX Application Thread" [_thread_in_native, id=3335, stack(0x00007fff51d45000,0x00007fff52545000)]
  0x00007fa143091800 JavaThread "Thread-1" daemon [_thread_blocked, id=25135, stack(0x0000000123dba000,0x0000000123eba000)]
  0x00007fa1420da800 JavaThread "QuantumRenderer-0" daemon [_thread_blocked, id=20739, stack(0x000000012334e000,0x000000012344e000)]
  0x00007fa141820800 JavaThread "Service Thread" daemon [_thread_blocked, id=19715, stack(0x000000012305c000,0x000000012315c000)]
  0x00007fa14205f800 JavaThread "C1 CompilerThread2" daemon [_thread_blocked, id=19203, stack(0x0000000122f59000,0x0000000123059000)]
  0x00007fa142057000 JavaThread "C2 CompilerThread1" daemon [_thread_blocked, id=18691, stack(0x0000000122e56000,0x0000000122f56000)]
  0x00007fa14300b000 JavaThread "C2 CompilerThread0" daemon [_thread_blocked, id=18179, stack(0x0000000122d53000,0x0000000122e53000)]
  0x00007fa14301b000 JavaThread "Signal Dispatcher" daemon [_thread_blocked, id=17667, stack(0x0000000122c50000,0x0000000122d50000)]
  0x00007fa142034800 JavaThread "Finalizer" daemon [_thread_blocked, id=12547, stack(0x0000000122a01000,0x0000000122b01000)]
  0x00007fa143019800 JavaThread "Reference Handler" daemon [_thread_blocked, id=12035, stack(0x00000001228fe000,0x00000001229fe000)]
  0x00007fa143001000 JavaThread "main" [_thread_blocked, id=6403, stack(0x000000010e6c2000,0x000000010e7c2000)]

Other Threads:
  0x00007fa141820000 VMThread [stack: 0x00000001227fb000,0x00000001228fb000] [id=11523]
  0x00007fa141821800 WatcherThread [stack: 0x000000012315f000,0x000000012325f000] [id=20227]

VM state:not at safepoint (normal execution)

VM Mutex/Monitor currently owned by a thread: None

Heap:
 PSYoungGen      total 10752K, used 2173K [0x00000007aab00000, 0x00000007ac000000, 0x00000007c0000000)
  eden space 10240K, 19% used [0x00000007aab00000,0x00000007aacff6c0,0x00000007ab500000)
  from space 512K, 25% used [0x00000007abf80000,0x00000007abfa0000,0x00000007ac000000)
  to   space 512K, 0% used [0x00000007abf00000,0x00000007abf00000,0x00000007abf80000)
 ParOldGen       total 64000K, used 5779K [0x0000000780000000, 0x0000000783e80000, 0x00000007aab00000)
  object space 64000K, 9% used [0x0000000780000000,0x00000007805a4c80,0x0000000783e80000)
 Metaspace       used 14082K, capacity 14260K, committed 14464K, reserved 1062912K
  class space    used 1863K, capacity 1914K, committed 1920K, reserved 1048576K

Card table byte_map: [0x000000011e3f4000,0x000000011e5f5000] byte_map_base: 0x000000011a7f4000

Marking Bits: (ParMarkBitMap*) 0x000000010e0510a0
 Begin Bits: [0x000000011eb57000, 0x000000011fb57000)
 End Bits:   [0x000000011fb57000, 0x0000000120b57000)

Polling page: 0x000000010e7d2000

CodeCache: size=245760Kb used=5772Kb max_used=5787Kb free=239987Kb
 bounds [0x000000010f034000, 0x000000010f5e4000, 0x000000011e034000]
 total_blobs=2559 nmethods=1896 adapters=578
 compilation: enabled

Compilation events (10 events):
Event: 37.829 Thread 0x00007fa14205f800 1895       3       com.sun.media.jfxmedia.locator.ConnectionHolder$FileConnectionHolder::readBlock (63 bytes)
Event: 37.830 Thread 0x00007fa14205f800 nmethod 1895 0x000000010f5d7c50 code [0x000000010f5d7e20, 0x000000010f5d85d8]
Event: 37.838 Thread 0x00007fa14300b000 1896   !   4       sun.nio.ch.IOUtil::read (93 bytes)
Event: 37.843 Thread 0x00007fa14300b000 nmethod 1896 0x000000010f5d90d0 code [0x000000010f5d9240, 0x000000010f5d9418]
Event: 38.104 Thread 0x00007fa142057000 1897       4       javafx.scene.input.InputEvent::getEventType (5 bytes)
Event: 38.105 Thread 0x00007fa142057000 nmethod 1897 0x000000010f5d8e90 code [0x000000010f5d8fc0, 0x000000010f5d9038]
Event: 38.108 Thread 0x00007fa14300b000 1898       4       com.sun.media.jfxmediaimpl.NativeVideoBuffer::releaseFrame (62 bytes)
Event: 38.159 Thread 0x00007fa14300b000 nmethod 1898 0x000000010f5dedd0 code [0x000000010f5df000, 0x000000010f5e01b8]
Event: 38.410 Thread 0x00007fa142057000 1899       4       java.lang.Long::equals (30 bytes)
Event: 38.411 Thread 0x00007fa142057000 nmethod 1899 0x000000010f5d0950 code [0x000000010f5d0aa0, 0x000000010f5d0b58]

GC Heap History (10 events):
Event: 35.759 GC heap before
{Heap before GC invocations=58 (full 0):
 PSYoungGen      total 10752K, used 10336K [0x00000007aab00000, 0x00000007ac000000, 0x00000007c0000000)
  eden space 10240K, 100% used [0x00000007aab00000,0x00000007ab500000,0x00000007ab500000)
  from space 512K, 18% used [0x00000007abf00000,0x00000007abf18000,0x00000007abf80000)
  to   space 512K, 0% used [0x00000007abf80000,0x00000007abf80000,0x00000007ac000000)
 ParOldGen       total 64000K, used 5667K [0x0000000780000000, 0x0000000783e80000, 0x00000007aab00000)
  object space 64000K, 8% used [0x0000000780000000,0x0000000780588c70,0x0000000783e80000)
 Metaspace       used 13950K, capacity 14098K, committed 14208K, reserved 1060864K
  class space    used 1838K, capacity 1880K, committed 1920K, reserved 1048576K
Event: 35.760 GC heap after
Heap after GC invocations=58 (full 0):
 PSYoungGen      total 10752K, used 64K [0x00000007aab00000, 0x00000007ac000000, 0x00000007c0000000)
  eden space 10240K, 0% used [0x00000007aab00000,0x00000007aab00000,0x00000007ab500000)
  from space 512K, 12% used [0x00000007abf80000,0x00000007abf90000,0x00000007ac000000)
  to   space 512K, 0% used [0x00000007abf00000,0x00000007abf00000,0x00000007abf80000)
 ParOldGen       total 64000K, used 5683K [0x0000000780000000, 0x0000000783e80000, 0x00000007aab00000)
  object space 64000K, 8% used [0x0000000780000000,0x000000078058cc70,0x0000000783e80000)
 Metaspace       used 13950K, capacity 14098K, committed 14208K, reserved 1060864K
  class space    used 1838K, capacity 1880K, committed 1920K, reserved 1048576K
}
Event: 36.479 GC heap before
{Heap before GC invocations=59 (full 0):
 PSYoungGen      total 10752K, used 10304K [0x00000007aab00000, 0x00000007ac000000, 0x00000007c0000000)
  eden space 10240K, 100% used [0x00000007aab00000,0x00000007ab500000,0x00000007ab500000)
  from space 512K, 12% used [0x00000007abf80000,0x00000007abf90000,0x00000007ac000000)
  to   space 512K, 0% used [0x00000007abf00000,0x00000007abf00000,0x00000007abf80000)
 ParOldGen       total 64000K, used 5683K [0x0000000780000000, 0x0000000783e80000, 0x00000007aab00000)
  object space 64000K, 8% used [0x0000000780000000,0x000000078058cc70,0x0000000783e80000)
 Metaspace       used 13951K, capacity 14098K, committed 14208K, reserved 1060864K
  class space    used 1839K, capacity 1880K, committed 1920K, reserved 1048576K
Event: 36.481 GC heap after
Heap after GC invocations=59 (full 0):
 PSYoungGen      total 10752K, used 96K [0x00000007aab00000, 0x00000007ac000000, 0x00000007c0000000)
  eden space 10240K, 0% used [0x00000007aab00000,0x00000007aab00000,0x00000007ab500000)
  from space 512K, 18% used [0x00000007abf00000,0x00000007abf18000,0x00000007abf80000)
  to   space 512K, 0% used [0x00000007abf80000,0x00000007abf80000,0x00000007ac000000)
 ParOldGen       total 64000K, used 5691K [0x0000000780000000, 0x0000000783e80000, 0x00000007aab00000)
  object space 64000K, 8% used [0x0000000780000000,0x000000078058ec70,0x0000000783e80000)
 Metaspace       used 13951K, capacity 14098K, committed 14208K, reserved 1060864K
  class space    used 1839K, capacity 1880K, committed 1920K, reserved 1048576K
}
Event: 37.221 GC heap before
{Heap before GC invocations=60 (full 0):
 PSYoungGen      total 10752K, used 10336K [0x00000007aab00000, 0x00000007ac000000, 0x00000007c0000000)
  eden space 10240K, 100% used [0x00000007aab00000,0x00000007ab500000,0x00000007ab500000)
  from space 512K, 18% used [0x00000007abf00000,0x00000007abf18000,0x00000007abf80000)
  to   space 512K, 0% used [0x00000007abf80000,0x00000007abf80000,0x00000007ac000000)
 ParOldGen       total 64000K, used 5691K [0x0000000780000000, 0x0000000783e80000, 0x00000007aab00000)
  object space 64000K, 8% used [0x0000000780000000,0x000000078058ec70,0x0000000783e80000)
 Metaspace       used 13951K, capacity 14098K, committed 14208K, reserved 1060864K
  class space    used 1839K, capacity 1880K, committed 1920K, reserved 1048576K
Event: 37.223 GC heap after
Heap after GC invocations=60 (full 0):
 PSYoungGen      total 10752K, used 64K [0x00000007aab00000, 0x00000007ac000000, 0x00000007c0000000)
  eden space 10240K, 0% used [0x00000007aab00000,0x00000007aab00000,0x00000007ab500000)
  from space 512K, 12% used [0x00000007abf80000,0x00000007abf90000,0x00000007ac000000)
  to   space 512K, 0% used [0x00000007abf00000,0x00000007abf00000,0x00000007abf80000)
 ParOldGen       total 64000K, used 5707K [0x0000000780000000, 0x0000000783e80000, 0x00000007aab00000)
  object space 64000K, 8% used [0x0000000780000000,0x0000000780592c70,0x0000000783e80000)
 Metaspace       used 13951K, capacity 14098K, committed 14208K, reserved 1060864K
  class space    used 1839K, capacity 1880K, committed 1920K, reserved 1048576K
}
Event: 37.919 GC heap before
{Heap before GC invocations=61 (full 0):
 PSYoungGen      total 10752K, used 10304K [0x00000007aab00000, 0x00000007ac000000, 0x00000007c0000000)
  eden space 10240K, 100% used [0x00000007aab00000,0x00000007ab500000,0x00000007ab500000)
  from space 512K, 12% used [0x00000007abf80000,0x00000007abf90000,0x00000007ac000000)
  to   space 512K, 0% used [0x00000007abf00000,0x00000007abf00000,0x00000007abf80000)
 ParOldGen       total 64000K, used 5707K [0x0000000780000000, 0x0000000783e80000, 0x00000007aab00000)
  object space 64000K, 8% used [0x0000000780000000,0x0000000780592c70,0x0000000783e80000)
 Metaspace       used 14081K, capacity 14260K, committed 14464K, reserved 1062912K
  class space    used 1863K, capacity 1914K, committed 1920K, reserved 1048576K
Event: 37.920 GC heap after
Heap after GC invocations=61 (full 0):
 PSYoungGen      total 10752K, used 192K [0x00000007aab00000, 0x00000007ac000000, 0x00000007c0000000)
  eden space 10240K, 0% used [0x00000007aab00000,0x00000007aab00000,0x00000007ab500000)
  from space 512K, 37% used [0x00000007abf00000,0x00000007abf30000,0x00000007abf80000)
  to   space 512K, 0% used [0x00000007abf80000,0x00000007abf80000,0x00000007ac000000)
 ParOldGen       total 64000K, used 5707K [0x0000000780000000, 0x0000000783e80000, 0x00000007aab00000)
  object space 64000K, 8% used [0x0000000780000000,0x0000000780592c70,0x0000000783e80000)
 Metaspace       used 14081K, capacity 14260K, committed 14464K, reserved 1062912K
  class space    used 1863K, capacity 1914K, committed 1920K, reserved 1048576K
}
Event: 38.783 GC heap before
{Heap before GC invocations=62 (full 0):
 PSYoungGen      total 10752K, used 10432K [0x00000007aab00000, 0x00000007ac000000, 0x00000007c0000000)
  eden space 10240K, 100% used [0x00000007aab00000,0x00000007ab500000,0x00000007ab500000)
  from space 512K, 37% used [0x00000007abf00000,0x00000007abf30000,0x00000007abf80000)
  to   space 512K, 0% used [0x00000007abf80000,0x00000007abf80000,0x00000007ac000000)
 ParOldGen       total 64000K, used 5707K [0x0000000780000000, 0x0000000783e80000, 0x00000007aab00000)
  object space 64000K, 8% used [0x0000000780000000,0x0000000780592c70,0x0000000783e80000)
 Metaspace       used 14082K, capacity 14260K, committed 14464K, reserved 1062912K
  class space    used 1863K, capacity 1914K, committed 1920K, reserved 1048576K
Event: 38.785 GC heap after
Heap after GC invocations=62 (full 0):
 PSYoungGen      total 10752K, used 128K [0x00000007aab00000, 0x00000007ac000000, 0x00000007c0000000)
  eden space 10240K, 0% used [0x00000007aab00000,0x00000007aab00000,0x00000007ab500000)
  from space 512K, 25% used [0x00000007abf80000,0x00000007abfa0000,0x00000007ac000000)
  to   space 512K, 0% used [0x00000007abf00000,0x00000007abf00000,0x00000007abf80000)
 ParOldGen       total 64000K, used 5779K [0x0000000780000000, 0x0000000783e80000, 0x00000007aab00000)
  object space 64000K, 9% used [0x0000000780000000,0x00000007805a4c80,0x0000000783e80000)
 Metaspace       used 14082K, capacity 14260K, committed 14464K, reserved 1062912K
  class space    used 1863K, capacity 1914K, committed 1920K, reserved 1048576K
}

Deoptimization events (10 events):
Event: 30.932 Thread 0x00007fa1420da800 Uncommon trap: reason=class_check action=maybe_recompile pc=0x000000010f5c06e8 method=javafx.scene.media.NGMediaView.renderContent(Lcom/sun/prism/Graphics;)V @ 133
Event: 30.933 Thread 0x00007fa1420da800 Uncommon trap: reason=class_check action=maybe_recompile pc=0x000000010f5c06e8 method=javafx.scene.media.NGMediaView.renderContent(Lcom/sun/prism/Graphics;)V @ 133
Event: 37.622 Thread 0x00007fa142176800 Uncommon trap: reason=unreached action=reinterpret pc=0x000000010f58cbd0 method=java.nio.channels.spi.AbstractInterruptibleChannel.begin()V @ 4
Event: 37.773 Thread 0x00007fa1420da800 Uncommon trap: reason=unreached action=reinterpret pc=0x000000010f5b1594 method=com.sun.javafx.sg.prism.NGNode.needsBlending()Z @ 6
Event: 37.784 Thread 0x00007fa1430af800 Uncommon trap: reason=bimorphic action=maybe_recompile pc=0x000000010f53b630 method=com.sun.media.jfxmediaimpl.MediaDisposer.implRemoveResourceDisposer(Ljava/lang/Object;)V @ 80
Event: 37.792 Thread 0x00007fa143146800 Uncommon trap: reason=bimorphic action=maybe_recompile pc=0x000000010f53b630 method=com.sun.media.jfxmediaimpl.MediaDisposer.implRemoveResourceDisposer(Ljava/lang/Object;)V @ 80
Event: 37.813 Thread 0x00007fa1420da800 Uncommon trap: reason=null_check action=make_not_entrant pc=0x000000010f594628 method=com.sun.prism.es2.ES2Shader.getUniform(Ljava/lang/String;)Lcom/sun/prism/es2/ES2Shader$Uniform; @ 10
Event: 37.813 Thread 0x00007fa1420da800 Uncommon trap: reason=null_check action=make_not_entrant pc=0x000000010f599d08 method=com.sun.prism.es2.ES2Shader.getUniform(Ljava/lang/String;)Lcom/sun/prism/es2/ES2Shader$Uniform; @ 10
Event: 37.820 Thread 0x00007fa143146800 Uncommon trap: reason=bimorphic action=maybe_recompile pc=0x000000010f53b630 method=com.sun.media.jfxmediaimpl.MediaDisposer.implRemoveResourceDisposer(Ljava/lang/Object;)V @ 80
Event: 37.833 Thread 0x00007fa1421ef000 Uncommon trap: reason=bimorphic action=maybe_recompile pc=0x000000010f53b630 method=com.sun.media.jfxmediaimpl.MediaDisposer.implRemoveResourceDisposer(Ljava/lang/Object;)V @ 80

Internal exceptions (10 events):
Event: 2.106 Thread 0x00007fa1430af800 Exception <a 'java/lang/NullPointerException'> (0x00000007ab0e6860) thrown at [/HUDSON/workspace/8-2-build-macosx-x86_64/jdk8u5/2488/hotspot/src/share/vm/interpreter/linkResolver.cpp, line 1271]
Event: 2.430 Thread 0x00007fa1430af800 Exception <a 'java/security/PrivilegedActionException'> (0x00000007ab05bd20) thrown at [/HUDSON/workspace/8-2-build-macosx-x86_64/jdk8u5/2488/hotspot/src/share/vm/prims/jvm.cpp, line 1248]
Event: 2.433 Thread 0x00007fa1430af800 Exception <a 'java/security/PrivilegedActionException'> (0x00000007ab0740d0) thrown at [/HUDSON/workspace/8-2-build-macosx-x86_64/jdk8u5/2488/hotspot/src/share/vm/prims/jvm.cpp, line 1248]
Event: 2.435 Thread 0x00007fa1430af800 Exception <a 'java/security/PrivilegedActionException'> (0x00000007ab0987c0) thrown at [/HUDSON/workspace/8-2-build-macosx-x86_64/jdk8u5/2488/hotspot/src/share/vm/prims/jvm.cpp, line 1248]
Event: 3.474 Thread 0x00007fa1430af800 Exception <a 'java/security/PrivilegedActionException'> (0x00000007aafc3fe8) thrown at [/HUDSON/workspace/8-2-build-macosx-x86_64/jdk8u5/2488/hotspot/src/share/vm/prims/jvm.cpp, line 1248]
Event: 37.616 Thread 0x00007fa1430af800 Exception <a 'java/lang/NullPointerException'> (0x00000007aaf229e8) thrown at [/HUDSON/workspace/8-2-build-macosx-x86_64/jdk8u5/2488/hotspot/src/share/vm/interpreter/linkResolver.cpp, line 1271]
Event: 37.755 Thread 0x00007fa1430af800 Exception <a 'java/security/PrivilegedActionException'> (0x00000007ab295b58) thrown at [/HUDSON/workspace/8-2-build-macosx-x86_64/jdk8u5/2488/hotspot/src/share/vm/prims/jvm.cpp, line 1248]
Event: 37.765 Thread 0x00007fa1430af800 Exception <a 'java/security/PrivilegedActionException'> (0x00000007ab2ce460) thrown at [/HUDSON/workspace/8-2-build-macosx-x86_64/jdk8u5/2488/hotspot/src/share/vm/prims/jvm.cpp, line 1248]
Event: 37.813 Thread 0x00007fa1420da800 Implicit null exception at 0x000000010f5942f6 to 0x000000010f594619
Event: 37.813 Thread 0x00007fa1420da800 Implicit null exception at 0x000000010f598d10 to 0x000000010f599cd9

Events (10 events):
Event: 38.943 Thread 0x00007fa145afc000 Thread added: 0x00007fa145afc000
Event: 38.943 Thread 0x00007fa145afc000 Thread exited: 0x00007fa145afc000
Event: 38.943 Thread 0x00007fa145afc000 Thread added: 0x00007fa145afc000
Event: 38.943 Thread 0x00007fa145afc000 Thread exited: 0x00007fa145afc000
Event: 38.948 Thread 0x00007fa141e80800 Thread added: 0x00007fa141e80800
Event: 38.948 Thread 0x00007fa141e80800 Thread exited: 0x00007fa141e80800
Event: 38.951 Thread 0x00007fa14215b000 Thread added: 0x00007fa14215b000
Event: 38.951 Thread 0x00007fa14215b000 Thread exited: 0x00007fa14215b000
Event: 38.951 Thread 0x00007fa14215b000 Thread added: 0x00007fa14215b000
Event: 38.951 Thread 0x00007fa14215b000 Thread exited: 0x00007fa14215b000


Dynamic libraries:
0x000000000cb24000 	/System/Library/Frameworks/Cocoa.framework/Versions/A/Cocoa
0x000000000cb24000 	/System/Library/Frameworks/Security.framework/Versions/A/Security
0x000000000cb24000 	/System/Library/Frameworks/ApplicationServices.framework/Versions/A/ApplicationServices
0x000000000cb24000 	/usr/lib/libz.1.dylib
0x000000000cb24000 	/usr/lib/libSystem.B.dylib
0x000000000cb24000 	/usr/lib/libobjc.A.dylib
0x000000000cb24000 	/System/Library/Frameworks/CoreFoundation.framework/Versions/A/CoreFoundation
0x000000000cb24000 	/System/Library/Frameworks/Foundation.framework/Versions/C/Foundation
0x000000000cb24000 	/System/Library/Frameworks/AppKit.framework/Versions/C/AppKit
0x000000000cb24000 	/System/Library/Frameworks/CoreData.framework/Versions/A/CoreData
0x000000000cb24000 	/System/Library/PrivateFrameworks/RemoteViewServices.framework/Versions/A/RemoteViewServices
0x000000000cb24000 	/System/Library/Frameworks/AudioToolbox.framework/Versions/A/AudioToolbox
0x000000000cb24000 	/System/Library/Frameworks/AudioUnit.framework/Versions/A/AudioUnit
0x000000000cb24000 	/System/Library/PrivateFrameworks/DataDetectorsCore.framework/Versions/A/DataDetectorsCore
0x000000000cb24000 	/System/Library/PrivateFrameworks/DesktopServicesPriv.framework/Versions/A/DesktopServicesPriv
0x000000000cb24000 	/System/Library/Frameworks/Carbon.framework/Versions/A/Frameworks/HIToolbox.framework/Versions/A/HIToolbox
0x000000000cb24000 	/System/Library/Frameworks/QuartzCore.framework/Versions/A/QuartzCore
0x000000000cb24000 	/System/Library/Frameworks/Carbon.framework/Versions/A/Frameworks/SpeechRecognition.framework/Versions/A/SpeechRecognition
0x000000000cb24000 	/usr/lib/libauto.dylib
0x000000000cb24000 	/usr/lib/libicucore.A.dylib
0x000000000cb24000 	/usr/lib/libxml2.2.dylib
0x000000000cb24000 	/System/Library/PrivateFrameworks/CoreUI.framework/Versions/A/CoreUI
0x000000000cb24000 	/System/Library/Frameworks/CoreAudio.framework/Versions/A/CoreAudio
0x000000000cb24000 	/System/Library/Frameworks/DiskArbitration.framework/Versions/A/DiskArbitration
0x000000000cb24000 	/usr/lib/liblangid.dylib
0x000000000cb24000 	/System/Library/PrivateFrameworks/MultitouchSupport.framework/Versions/A/MultitouchSupport
0x000000000cb24000 	/System/Library/Frameworks/IOKit.framework/Versions/A/IOKit
0x000000000cb24000 	/usr/lib/libDiagnosticMessagesClient.dylib
0x000000000cb24000 	/System/Library/Frameworks/CoreServices.framework/Versions/A/CoreServices
0x000000000cb24000 	/System/Library/PrivateFrameworks/PerformanceAnalysis.framework/Versions/A/PerformanceAnalysis
0x000000000cb24000 	/System/Library/PrivateFrameworks/GenerationalStorage.framework/Versions/A/GenerationalStorage
0x000000000cb24000 	/System/Library/Frameworks/OpenGL.framework/Versions/A/OpenGL
0x000000000cb24000 	/System/Library/PrivateFrameworks/Sharing.framework/Versions/A/Sharing
0x000000000cb24000 	/System/Library/Frameworks/ImageIO.framework/Versions/A/ImageIO
0x000000000cb24000 	/System/Library/Frameworks/CoreText.framework/Versions/A/CoreText
0x000000000cb24000 	/System/Library/Frameworks/CoreGraphics.framework/Versions/A/CoreGraphics
0x000000000cb24000 	/System/Library/PrivateFrameworks/Backup.framework/Versions/A/Backup
0x000000000cb24000 	/System/Library/Frameworks/CFNetwork.framework/Versions/A/CFNetwork
0x000000000cb24000 	/System/Library/Frameworks/SystemConfiguration.framework/Versions/A/SystemConfiguration
0x000000000cb24000 	/usr/lib/libCRFSuite.dylib
0x000000000cb24000 	/usr/lib/libc++.1.dylib
0x000000000cb24000 	/usr/lib/libc++abi.dylib
0x000000000cb24000 	/usr/lib/system/libcache.dylib
0x000000000cb24000 	/usr/lib/system/libcommonCrypto.dylib
0x000000000cb24000 	/usr/lib/system/libcompiler_rt.dylib
0x000000000cb24000 	/usr/lib/system/libcopyfile.dylib
0x000000000cb24000 	/usr/lib/system/libcorecrypto.dylib
0x000000000cb24000 	/usr/lib/system/libdispatch.dylib
0x000000000cb24000 	/usr/lib/system/libdyld.dylib
0x000000000cb24000 	/usr/lib/system/libkeymgr.dylib
0x000000000cb24000 	/usr/lib/system/liblaunch.dylib
0x000000000cb24000 	/usr/lib/system/libmacho.dylib
0x000000000cb24000 	/usr/lib/system/libquarantine.dylib
0x000000000cb24000 	/usr/lib/system/libremovefile.dylib
0x000000000cb24000 	/usr/lib/system/libsystem_asl.dylib
0x000000000cb24000 	/usr/lib/system/libsystem_blocks.dylib
0x000000000cb24000 	/usr/lib/system/libsystem_c.dylib
0x000000000cb24000 	/usr/lib/system/libsystem_configuration.dylib
0x000000000cb24000 	/usr/lib/system/libsystem_dnssd.dylib
0x000000000cb24000 	/usr/lib/system/libsystem_info.dylib
0x000000000cb24000 	/usr/lib/system/libsystem_kernel.dylib
0x000000000cb24000 	/usr/lib/system/libsystem_m.dylib
0x000000000cb24000 	/usr/lib/system/libsystem_malloc.dylib
0x000000000cb24000 	/usr/lib/system/libsystem_network.dylib
0x000000000cb24000 	/usr/lib/system/libsystem_notify.dylib
0x000000000cb24000 	/usr/lib/system/libsystem_platform.dylib
0x000000000cb24000 	/usr/lib/system/libsystem_pthread.dylib
0x000000000cb24000 	/usr/lib/system/libsystem_sandbox.dylib
0x000000000cb24000 	/usr/lib/system/libsystem_stats.dylib
0x000000000cb24000 	/usr/lib/system/libunc.dylib
0x000000000cb24000 	/usr/lib/system/libunwind.dylib
0x000000000cb24000 	/usr/lib/system/libxpc.dylib
0x000000000cb24000 	/usr/lib/libbsm.0.dylib
0x000000000cb24000 	/usr/lib/libsqlite3.dylib
0x000000000cb24000 	/usr/lib/libxar.1.dylib
0x000000000cb24000 	/usr/lib/libpam.2.dylib
0x000000000cb24000 	/usr/lib/libOpenScriptingUtil.dylib
0x000000000cb24000 	/usr/lib/libbz2.1.0.dylib
0x000000000cb24000 	/System/Library/Frameworks/CoreServices.framework/Versions/A/Frameworks/CarbonCore.framework/Versions/A/CarbonCore
0x000000000cb24000 	/System/Library/Frameworks/CoreServices.framework/Versions/A/Frameworks/Metadata.framework/Versions/A/Metadata
0x000000000cb24000 	/System/Library/Frameworks/CoreServices.framework/Versions/A/Frameworks/OSServices.framework/Versions/A/OSServices
0x000000000cb24000 	/System/Library/Frameworks/CoreServices.framework/Versions/A/Frameworks/SearchKit.framework/Versions/A/SearchKit
0x000000000cb24000 	/System/Library/Frameworks/CoreServices.framework/Versions/A/Frameworks/AE.framework/Versions/A/AE
0x000000000cb24000 	/System/Library/Frameworks/CoreServices.framework/Versions/A/Frameworks/LaunchServices.framework/Versions/A/LaunchServices
0x000000000cb24000 	/System/Library/Frameworks/CoreServices.framework/Versions/A/Frameworks/DictionaryServices.framework/Versions/A/DictionaryServices
0x000000000cb24000 	/System/Library/Frameworks/NetFS.framework/Versions/A/NetFS
0x000000000cb24000 	/usr/lib/system/libkxld.dylib
0x000000000cb24000 	/System/Library/PrivateFrameworks/NetAuth.framework/Versions/A/NetAuth
0x000000000cb24000 	/System/Library/PrivateFrameworks/TCC.framework/Versions/A/TCC
0x000000000cb24000 	/System/Library/Frameworks/OpenDirectory.framework/Versions/A/Frameworks/CFOpenDirectory.framework/Versions/A/CFOpenDirectory
0x000000000cb24000 	/System/Library/Frameworks/ServiceManagement.framework/Versions/A/ServiceManagement
0x000000000cb24000 	/usr/lib/libxslt.1.dylib
0x000000000cb24000 	/System/Library/Frameworks/Carbon.framework/Versions/A/Frameworks/Ink.framework/Versions/A/Ink
0x000000000cb24000 	/System/Library/Frameworks/ApplicationServices.framework/Versions/A/Frameworks/ATS.framework/Versions/A/ATS
0x000000000cb24000 	/System/Library/Frameworks/ApplicationServices.framework/Versions/A/Frameworks/ColorSync.framework/Versions/A/ColorSync
0x000000000cb24000 	/System/Library/Frameworks/ApplicationServices.framework/Versions/A/Frameworks/HIServices.framework/Versions/A/HIServices
0x000000000cb24000 	/System/Library/Frameworks/ApplicationServices.framework/Versions/A/Frameworks/LangAnalysis.framework/Versions/A/LangAnalysis
0x000000000cb24000 	/System/Library/Frameworks/ApplicationServices.framework/Versions/A/Frameworks/PrintCore.framework/Versions/A/PrintCore
0x000000000cb24000 	/System/Library/Frameworks/ApplicationServices.framework/Versions/A/Frameworks/QD.framework/Versions/A/QD
0x000000000cb24000 	/System/Library/Frameworks/ApplicationServices.framework/Versions/A/Frameworks/SpeechSynthesis.framework/Versions/A/SpeechSynthesis
0x000000000cb24000 	/System/Library/Frameworks/IOSurface.framework/Versions/A/IOSurface
0x000000000cb24000 	/System/Library/Frameworks/Accelerate.framework/Versions/A/Accelerate
0x000000000cb24000 	/System/Library/Frameworks/Accelerate.framework/Versions/A/Frameworks/vImage.framework/Versions/A/vImage
0x000000000cb24000 	/System/Library/Frameworks/Accelerate.framework/Versions/A/Frameworks/vecLib.framework/Versions/A/vecLib
0x000000000cb24000 	/System/Library/Frameworks/Accelerate.framework/Versions/A/Frameworks/vecLib.framework/Versions/A/libvDSP.dylib
0x000000000cb24000 	/System/Library/Frameworks/Accelerate.framework/Versions/A/Frameworks/vecLib.framework/Versions/A/libvMisc.dylib
0x000000000cb24000 	/System/Library/Frameworks/Accelerate.framework/Versions/A/Frameworks/vecLib.framework/Versions/A/libLAPACK.dylib
0x000000000cb24000 	/System/Library/Frameworks/Accelerate.framework/Versions/A/Frameworks/vecLib.framework/Versions/A/libBLAS.dylib
0x000000000cb24000 	/System/Library/Frameworks/ApplicationServices.framework/Versions/A/Frameworks/ATS.framework/Versions/A/Resources/libFontParser.dylib
0x000000000cb24000 	/System/Library/Frameworks/ApplicationServices.framework/Versions/A/Frameworks/ATS.framework/Versions/A/Resources/libFontRegistry.dylib
0x000000000cb24000 	/System/Library/Frameworks/ImageIO.framework/Versions/A/Resources/libJPEG.dylib
0x000000000cb24000 	/System/Library/Frameworks/ImageIO.framework/Versions/A/Resources/libTIFF.dylib
0x000000000cb24000 	/System/Library/Frameworks/ImageIO.framework/Versions/A/Resources/libPng.dylib
0x000000000cb24000 	/System/Library/Frameworks/ImageIO.framework/Versions/A/Resources/libGIF.dylib
0x000000000cb24000 	/System/Library/Frameworks/ImageIO.framework/Versions/A/Resources/libJP2.dylib
0x000000000cb24000 	/System/Library/Frameworks/ImageIO.framework/Versions/A/Resources/libRadiance.dylib
0x000000000cb24000 	/usr/lib/libcups.2.dylib
0x000000000cb24000 	/System/Library/Frameworks/Kerberos.framework/Versions/A/Kerberos
0x000000000cb24000 	/System/Library/Frameworks/GSS.framework/Versions/A/GSS
0x000000000cb24000 	/usr/lib/libresolv.9.dylib
0x000000000cb24000 	/usr/lib/libiconv.2.dylib
0x000000000cb24000 	/System/Library/PrivateFrameworks/Heimdal.framework/Versions/A/Heimdal
0x000000000cb24000 	/System/Library/PrivateFrameworks/TrustEvaluationAgent.framework/Versions/A/TrustEvaluationAgent
0x000000000cb24000 	/usr/lib/libheimdal-asn1.dylib
0x000000000cb24000 	/System/Library/Frameworks/OpenDirectory.framework/Versions/A/OpenDirectory
0x000000000cb24000 	/System/Library/PrivateFrameworks/CommonAuth.framework/Versions/A/CommonAuth
0x000000000cb24000 	/System/Library/Frameworks/SecurityFoundation.framework/Versions/A/SecurityFoundation
0x000000000cb24000 	/System/Library/PrivateFrameworks/Bom.framework/Versions/A/Bom
0x000000000cb24000 	/System/Library/Frameworks/CoreVideo.framework/Versions/A/CoreVideo
0x000000000cb24000 	/System/Library/Frameworks/QuartzCore.framework/Versions/A/Frameworks/CoreImage.framework/Versions/A/CoreImage
0x000000000cb24000 	/System/Library/Frameworks/QuartzCore.framework/Versions/A/Frameworks/ScalableUserInterface.framework/Versions/A/ScalableUserInterface
0x000000000cb24000 	/System/Library/Frameworks/OpenGL.framework/Versions/A/Libraries/libGLU.dylib
0x000000000cb24000 	/System/Library/Frameworks/OpenGL.framework/Versions/A/Libraries/libGFXShared.dylib
0x000000000cb24000 	/System/Library/Frameworks/OpenGL.framework/Versions/A/Libraries/libGL.dylib
0x000000000cb24000 	/System/Library/Frameworks/OpenGL.framework/Versions/A/Libraries/libGLImage.dylib
0x000000000cb24000 	/System/Library/Frameworks/OpenGL.framework/Versions/A/Libraries/libCVMSPluginSupport.dylib
0x000000000cb24000 	/System/Library/Frameworks/OpenGL.framework/Versions/A/Libraries/libCoreVMClient.dylib
0x000000000cb24000 	/System/Library/PrivateFrameworks/FaceCore.framework/Versions/A/FaceCore
0x000000000cb24000 	/System/Library/PrivateFrameworks/CrashReporterSupport.framework/Versions/A/CrashReporterSupport
0x000000000cb24000 	/System/Library/Frameworks/OpenCL.framework/Versions/A/OpenCL
0x000000000cb24000 	/System/Library/PrivateFrameworks/AppleFSCompression.framework/Versions/A/AppleFSCompression
0x000000000cb24000 	/System/Library/PrivateFrameworks/Ubiquity.framework/Versions/A/Ubiquity
0x000000000cb24000 	/System/Library/PrivateFrameworks/IconServices.framework/Versions/A/IconServices
0x000000000cb24000 	/System/Library/PrivateFrameworks/ChunkingLibrary.framework/Versions/A/ChunkingLibrary
0x000000000cb24000 	/System/Library/PrivateFrameworks/CoreSymbolication.framework/Versions/A/CoreSymbolication
0x000000000cb24000 	/System/Library/PrivateFrameworks/Symbolication.framework/Versions/A/Symbolication
0x000000000cb24000 	/System/Library/PrivateFrameworks/DebugSymbols.framework/Versions/A/DebugSymbols
0x000000010d7eb000 	/Library/Java/JavaVirtualMachines/jdk1.8.0_05.jdk/Contents/Home/jre/lib/server/libjvm.dylib
0x000000000cb24000 	/usr/lib/libstdc++.6.dylib
0x000000010e7c4000 	/Library/Java/JavaVirtualMachines/jdk1.8.0_05.jdk/Contents/Home/jre/lib/libverify.dylib
0x000000010f000000 	/Library/Java/JavaVirtualMachines/jdk1.8.0_05.jdk/Contents/Home/jre/lib/libjava.dylib
0x000000010e7dc000 	/Library/Java/JavaVirtualMachines/jdk1.8.0_05.jdk/Contents/Home/jre/lib/libzip.dylib
0x0000000122b03000 	/System/Library/Frameworks/JavaVM.framework/Frameworks/JavaRuntimeSupport.framework/JavaRuntimeSupport
0x0000000122b1b000 	/System/Library/Frameworks/JavaVM.framework/Versions/A/Frameworks/JavaNativeFoundation.framework/Versions/A/JavaNativeFoundation
0x0000000122b30000 	/System/Library/Frameworks/JavaVM.framework/Versions/A/JavaVM
0x000000000cb24000 	/System/Library/Frameworks/Carbon.framework/Versions/A/Carbon
0x0000000122b3d000 	/System/Library/PrivateFrameworks/JavaLaunching.framework/Versions/A/JavaLaunching
0x000000000cb24000 	/System/Library/Frameworks/Carbon.framework/Versions/A/Frameworks/CommonPanels.framework/Versions/A/CommonPanels
0x000000000cb24000 	/System/Library/Frameworks/Carbon.framework/Versions/A/Frameworks/Help.framework/Versions/A/Help
0x000000000cb24000 	/System/Library/Frameworks/Carbon.framework/Versions/A/Frameworks/ImageCapture.framework/Versions/A/ImageCapture
0x000000000cb24000 	/System/Library/Frameworks/Carbon.framework/Versions/A/Frameworks/OpenScripting.framework/Versions/A/OpenScripting
0x000000000cb24000 	/System/Library/Frameworks/Carbon.framework/Versions/A/Frameworks/Print.framework/Versions/A/Print
0x000000000cb24000 	/System/Library/Frameworks/Carbon.framework/Versions/A/Frameworks/SecurityHI.framework/Versions/A/SecurityHI
0x0000000123450000 	/Library/Java/JavaVirtualMachines/jdk1.8.0_05.jdk/Contents/Home/jre/lib/libprism_es2.dylib
0x000000000cb24000 	/System/Library/Frameworks/OpenGL.framework/Versions/A/Resources/GLEngine.bundle/GLEngine
0x000000000cb24000 	/System/Library/Frameworks/OpenGL.framework/Versions/A/Libraries/libGLProgrammability.dylib
0x0000000000000000 	/System/Library/Extensions/AppleIntelHD5000GraphicsGLDriver.bundle/Contents/MacOS/AppleIntelHD5000GraphicsGLDriver
0x000000000cb24000 	/System/Library/PrivateFrameworks/IOAccelerator.framework/Versions/A/IOAccelerator
0x000000000cb24000 	/System/Library/PrivateFrameworks/GPUSupport.framework/Versions/A/Libraries/libGPUSupportMercury.dylib
0x000000000cb24000 	/System/Library/Frameworks/OpenGL.framework/Versions/A/Resources/GLRendererFloat.bundle/GLRendererFloat
0x000000000cb24000 	/System/Library/Frameworks/OpenCL.framework/Versions/A/Libraries/libcldcpuengine.dylib
0x000000000cb24000 	/System/Library/PrivateFrameworks/DiskImages.framework/Versions/A/DiskImages
0x000000000cb24000 	/System/Library/Frameworks/DiscRecording.framework/Versions/A/DiscRecording
0x000000000cb24000 	/usr/lib/libcsfde.dylib
0x000000000cb24000 	/usr/lib/libcurl.4.dylib
0x000000000cb24000 	/System/Library/PrivateFrameworks/MediaKit.framework/Versions/A/MediaKit
0x000000000cb24000 	/usr/lib/libCoreStorage.dylib
0x000000000cb24000 	/System/Library/PrivateFrameworks/EFILogin.framework/Versions/A/EFILogin
0x000000000cb24000 	/usr/lib/libutil.dylib
0x000000000cb24000 	/System/Library/PrivateFrameworks/AOSNotification.framework/Versions/A/AOSNotification
0x000000000cb24000 	/System/Library/Frameworks/LDAP.framework/Versions/A/LDAP
0x000000000cb24000 	/usr/lib/libsasl2.2.dylib
0x000000000cb24000 	/usr/lib/libcrypto.0.9.8.dylib
0x000000000cb24000 	/usr/lib/libssl.0.9.8.dylib
0x0000000123d4f000 	/Library/Java/JavaVirtualMachines/jdk1.8.0_05.jdk/Contents/Home/jre/lib/libglass.dylib
0x000000000cb24000 	/System/Library/PrivateFrameworks/CoreServicesInternal.framework/Versions/A/CoreServicesInternal
0x000000000cb24000 	/System/Library/PrivateFrameworks/Librarian.framework/Versions/A/Librarian
0x000000000cb24000 	/System/Library/CoreServices/RawCamera.bundle/Contents/MacOS/RawCamera
0x000000000cb24000 	/System/Library/Frameworks/CoreGraphics.framework/Versions/A/Resources/libCGCMS.A.dylib
0x000000000cb24000 	/System/Library/Frameworks/CoreGraphics.framework/Versions/A/Resources/libRIP.A.dylib
0x000000000cb24000 	/System/Library/PrivateFrameworks/FamilyControls.framework/Versions/A/FamilyControls
0x000000000cb24000 	/System/Library/PrivateFrameworks/CommerceKit.framework/Versions/A/Frameworks/CommerceCore.framework/Versions/A/CommerceCore
0x000000000cb24000 	/System/Library/PrivateFrameworks/SystemAdministration.framework/Versions/A/SystemAdministration
0x000000000cb24000 	/System/Library/Frameworks/DirectoryService.framework/Versions/A/DirectoryService
0x000000000cb24000 	/System/Library/PrivateFrameworks/LoginUIKit.framework/Versions/A/Frameworks/LoginUICore.framework/Versions/A/LoginUICore
0x000000000cb24000 	/usr/lib/libodfde.dylib
0x000000000cb24000 	/System/Library/Frameworks/CoreGraphics.framework/Versions/A/Resources/libCGXType.A.dylib
0x000000012599d000 	/Library/Java/JavaVirtualMachines/jdk1.8.0_05.jdk/Contents/Home/jre/lib/libosx.dylib
0x00000001259ab000 	/Library/Java/JavaVirtualMachines/jdk1.8.0_05.jdk/Contents/Home/jre/lib/./libosxapp.dylib
0x000000000cb24000 	/System/Library/Frameworks/ExceptionHandling.framework/Versions/A/ExceptionHandling
0x0000000128c9c000 	/Library/Java/JavaVirtualMachines/jdk1.8.0_05.jdk/Contents/Home/jre/lib/libawt.dylib
0x0000000128d4b000 	/Library/Java/JavaVirtualMachines/jdk1.8.0_05.jdk/Contents/Home/jre/lib/./libmlib_image.dylib
0x0000000128e17000 	/Library/Java/JavaVirtualMachines/jdk1.8.0_05.jdk/Contents/Home/jre/lib/libawt_lwawt.dylib
0x0000000128ec9000 	/Library/Java/JavaVirtualMachines/jdk1.8.0_05.jdk/Contents/Home/jre/lib/libfontmanager.dylib
0x0000000129b8b000 	/Library/Java/JavaVirtualMachines/jdk1.8.0_05.jdk/Contents/Home/jre/lib/libglib-lite.dylib
0x0000000129cb1000 	/Library/Java/JavaVirtualMachines/jdk1.8.0_05.jdk/Contents/Home/jre/lib/libgstreamer-lite.dylib
0x0000000129e33000 	/Library/Java/JavaVirtualMachines/jdk1.8.0_05.jdk/Contents/Home/jre/lib/libjfxmedia.dylib
0x000000000cb24000 	/System/Library/Frameworks/QTKit.framework/Versions/A/QTKit
0x000000000cb24000 	/System/Library/Frameworks/AVFoundation.framework/Versions/A/AVFoundation
0x000000000cb24000 	/System/Library/Frameworks/CoreMedia.framework/Versions/A/CoreMedia
0x000000000cb24000 	/System/Library/Frameworks/MediaToolbox.framework/Versions/A/MediaToolbox
0x000000000cb24000 	/System/Library/Frameworks/VideoToolbox.framework/Versions/A/VideoToolbox
0x000000000cb24000 	/System/Library/PrivateFrameworks/CoreMediaAuthoring.framework/Versions/A/CoreMediaAuthoring
0x000000000cb24000 	/System/Library/Frameworks/CoreMediaIO.framework/Versions/A/CoreMediaIO
0x000000000cb24000 	/System/Library/Frameworks/AVFoundation.framework/Versions/A/Resources/libAVFAudio.dylib
0x000000000cb24000 	/System/Library/PrivateFrameworks/MediaControlSender.framework/Versions/A/MediaControlSender
0x000000000cb24000 	/System/Library/PrivateFrameworks/CoreAVCHD.framework/Versions/A/CoreAVCHD
0x000000000cb24000 	/System/Library/Frameworks/MediaAccessibility.framework/Versions/A/MediaAccessibility
0x000000000cb24000 	/System/Library/PrivateFrameworks/Mangrove.framework/Versions/A/Mangrove
0x000000000cb24000 	/System/Library/PrivateFrameworks/CoreAUC.framework/Versions/A/CoreAUC
0x000000000cb24000 	/System/Library/PrivateFrameworks/Apple80211.framework/Versions/A/Apple80211
0x000000000cb24000 	/System/Library/PrivateFrameworks/AppleSRP.framework/Versions/A/AppleSRP
0x000000000cb24000 	/System/Library/PrivateFrameworks/CoreUtils.framework/Versions/A/CoreUtils
0x000000000cb24000 	/System/Library/Frameworks/CoreWLAN.framework/Versions/A/CoreWLAN
0x000000000cb24000 	/usr/lib/libpcap.A.dylib
0x000000000cb24000 	/System/Library/Frameworks/CoreWiFi.framework/Versions/A/CoreWiFi
0x000000000cb24000 	/System/Library/PrivateFrameworks/AppleVA.framework/Versions/A/AppleVA
0x000000000cb24000 	/System/Library/PrivateFrameworks/XPCService.framework/Versions/A/XPCService
0x000000000cb24000 	/System/Library/PrivateFrameworks/AppSandbox.framework/Versions/A/AppSandbox
0x000000000cb24000 	/usr/lib/libsandbox.1.dylib
0x000000000cb24000 	/System/Library/PrivateFrameworks/AppContainer.framework/Versions/A/AppContainer
0x000000000cb24000 	/System/Library/PrivateFrameworks/SecCodeWrapper.framework/Versions/A/SecCodeWrapper
0x000000000cb24000 	/usr/lib/libMatch.1.dylib
0x0000000129edd000 	/Library/Java/JavaVirtualMachines/jdk1.8.0_05.jdk/Contents/Home/jre/lib/libfxplugins.dylib
0x0000000129f08000 	/System/Library/Frameworks/VideoDecodeAcceleration.framework/Versions/A/VideoDecodeAcceleration
0x0000000129f91000 	/Library/Java/JavaVirtualMachines/jdk1.8.0_05.jdk/Contents/Home/jre/lib/libnet.dylib
0x0000000129fef000 	/Library/Java/JavaVirtualMachines/jdk1.8.0_05.jdk/Contents/Home/jre/lib/libnio.dylib
0x000000012a207000 	/System/Library/Extensions/AppleHDA.kext/Contents/PlugIns/AppleHDAHALPlugIn.bundle/Contents/MacOS/AppleHDAHALPlugIn
0x000000012a237000 	/System/Library/Components/CoreAudio.component/Contents/MacOS/CoreAudio
0x000000012a57c000 	/System/Library/PrivateFrameworks/AppleGVA.framework/AppleGVA
0x000000012a77d000 	/System/Library/Components/AudioCodecs.component/Contents/MacOS/AudioCodecs
0x000000012adff000 	/System/Library/Extensions/AppleIntelHD5000GraphicsVADriver.bundle/Contents/MacOS/AppleIntelHD5000GraphicsVADriver
0x000000012b013000 	/System/Library/Extensions/AppleIntelHSWVA.bundle/Contents/MacOS/AppleIntelHSWVA
0x0000000135917000 	/Library/Java/JavaVirtualMachines/jdk1.8.0_05.jdk/Contents/Home/jre/lib/libjavafx_font.dylib
0x000000013645c000 	cl_kernels
0x000000013645f000 	/System/Library/Frameworks/OpenCL.framework/Versions/A/Libraries/ImageFormats/unorm8_bgra.dylib
0x000000013644d000 	cl_kernels
0x0000000136439000 	/Library/Java/JavaVirtualMachines/jdk1.8.0_05.jdk/Contents/Home/jre/lib/libprism_common.dylib

VM Arguments:
jvm_args: -Dfile.encoding=UTF-8 
java_command: /Users/simonkenny/NetBeansProjects/FourVideoInstallation/dist/run1355720856/FourVideoInstallation.jar
java_class_path (initial): /Users/simonkenny/NetBeansProjects/FourVideoInstallation/dist/run1355720856/FourVideoInstallation.jar
Launcher Type: SUN_STANDARD

Environment Variables:
PATH=/usr/bin:/bin:/usr/sbin:/sbin
LD_LIBRARY_PATH=/Library/Java/JavaVirtualMachines/jdk1.8.0_05.jdk/Contents/Home/jre/lib/amd64:/Library/Java/JavaVirtualMachines/jdk1.8.0_05.jdk/Contents/Home/jre/lib/i386:
SHELL=/bin/bash
DISPLAY=/tmp/launch-7aSc4b/org.macosforge.xquartz:0
DYLD_LIBRARY_PATH=/Applications/NetBeans/NetBeans 8.0.app/Contents/Resources/NetBeans/webcommon/bin:

Signal Handlers:
SIGSEGV: [libjvm.dylib+0x55f7df], sa_mask[0]=0xfffefeff, sa_flags=0x00000043
SIGBUS: [libjvm.dylib+0x55f7df], sa_mask[0]=0xfffefeff, sa_flags=0x00000042
SIGFPE: [libjvm.dylib+0x442cfa], sa_mask[0]=0xfffefeff, sa_flags=0x00000042
SIGPIPE: [libjvm.dylib+0x442cfa], sa_mask[0]=0xfffefeff, sa_flags=0x00000042
SIGXFSZ: [libjvm.dylib+0x442cfa], sa_mask[0]=0xfffefeff, sa_flags=0x00000042
SIGILL: [libjvm.dylib+0x442cfa], sa_mask[0]=0xfffefeff, sa_flags=0x00000042
SIGUSR1: SIG_DFL, sa_mask[0]=0x00000000, sa_flags=0x00000002
SIGUSR2: [libjvm.dylib+0x442818], sa_mask[0]=0x00000004, sa_flags=0x00000042
SIGHUP: [AudioToolbox+0xcf1fe], sa_mask[0]=0x00000000, sa_flags=0x00000002
SIGINT: SIG_IGN, sa_mask[0]=0x00000000, sa_flags=0x00000000
SIGTERM: [libjvm.dylib+0x440ba5], sa_mask[0]=0xfffefeff, sa_flags=0x00000042
SIGQUIT: [libjvm.dylib+0x440ba5], sa_mask[0]=0xfffefeff, sa_flags=0x00000042


---------------  S Y S T E M  ---------------

OS:Bsduname:Darwin 13.3.0 Darwin Kernel Version 13.3.0: Tue Jun  3 21:27:35 PDT 2014; root:xnu-2422.110.17~1/RELEASE_X86_64 x86_64
rlimit: STACK 8192k, CORE 0k, NPROC 709, NOFILE 10240, AS infinity
load average:3.66 2.60 2.32

CPU:total 4 (2 cores per cpu, 2 threads per core) family 6 model 69 stepping 1, cmov, cx8, fxsr, mmx, sse, sse2, sse3, ssse3, sse4.1, sse4.2, popcnt, avx, avx2, aes, clmul, erms, ht, tsc, tscinvbit

Memory: 4k page, physical 4194304k(18572k free)

/proc/meminfo:


vm_info: Java HotSpot(TM) 64-Bit Server VM (25.5-b02) for bsd-amd64 JRE (1.8.0_05-b13), built on Mar 18 2014 00:36:13 by "java_re" with gcc 4.2.1 (Based on Apple Inc. build 5658) (LLVM build 2336.11.00)

time: Tue Sep 16 14:13:50 2014
elapsed time: 38 seconds

